{"C:\\Users\\Michael\\Documents\\IF\\ManagementInventory\\backend\\src\\middleware\\auth.js": {"path":"C:\\Users\\Michael\\Documents\\IF\\ManagementInventory\\backend\\src\\middleware\\auth.js","statementMap":{"0":{"start":{"line":6,"column":28},"end":{"line":33,"column":1}},"1":{"start":{"line":7,"column":23},"end":{"line":7,"column":48}},"2":{"start":{"line":9,"column":4},"end":{"line":11,"column":null}},"3":{"start":{"line":10,"column":8},"end":{"line":10,"column":null}},"4":{"start":{"line":13,"column":18},"end":{"line":13,"column":42}},"5":{"start":{"line":15,"column":4},"end":{"line":32,"column":null}},"6":{"start":{"line":16,"column":24},"end":{"line":16,"column":60}},"7":{"start":{"line":18,"column":23},"end":{"line":21,"column":9}},"8":{"start":{"line":22,"column":21},"end":{"line":22,"column":28}},"9":{"start":{"line":24,"column":8},"end":{"line":26,"column":null}},"10":{"start":{"line":25,"column":12},"end":{"line":25,"column":null}},"11":{"start":{"line":28,"column":8},"end":{"line":28,"column":null}},"12":{"start":{"line":29,"column":8},"end":{"line":29,"column":null}},"13":{"start":{"line":31,"column":8},"end":{"line":31,"column":null}},"14":{"start":{"line":36,"column":25},"end":{"line":48,"column":1}},"15":{"start":{"line":37,"column":4},"end":{"line":47,"column":null}},"16":{"start":{"line":38,"column":8},"end":{"line":40,"column":null}},"17":{"start":{"line":39,"column":12},"end":{"line":39,"column":null}},"18":{"start":{"line":42,"column":8},"end":{"line":44,"column":null}},"19":{"start":{"line":43,"column":12},"end":{"line":43,"column":null}},"20":{"start":{"line":46,"column":8},"end":{"line":46,"column":null}},"21":{"start":{"line":51,"column":28},"end":{"line":74,"column":1}},"22":{"start":{"line":52,"column":23},"end":{"line":52,"column":48}},"23":{"start":{"line":54,"column":4},"end":{"line":57,"column":null}},"24":{"start":{"line":55,"column":8},"end":{"line":55,"column":null}},"25":{"start":{"line":56,"column":8},"end":{"line":56,"column":null}},"26":{"start":{"line":59,"column":18},"end":{"line":59,"column":42}},"27":{"start":{"line":61,"column":4},"end":{"line":71,"column":null}},"28":{"start":{"line":62,"column":24},"end":{"line":62,"column":60}},"29":{"start":{"line":63,"column":23},"end":{"line":66,"column":9}},"30":{"start":{"line":67,"column":21},"end":{"line":67,"column":28}},"31":{"start":{"line":68,"column":8},"end":{"line":68,"column":null}},"32":{"start":{"line":70,"column":8},"end":{"line":70,"column":null}},"33":{"start":{"line":73,"column":4},"end":{"line":73,"column":null}}},"fnMap":{"0":{"name":"(anonymous_0)","decl":{"start":{"line":6,"column":28},"end":{"line":6,"column":33}},"loc":{"start":{"line":6,"column":54},"end":{"line":33,"column":1}},"line":6},"1":{"name":"(anonymous_1)","decl":{"start":{"line":36,"column":25},"end":{"line":36,"column":26}},"loc":{"start":{"line":36,"column":46},"end":{"line":48,"column":1}},"line":36},"2":{"name":"(anonymous_2)","decl":{"start":{"line":37,"column":11},"end":{"line":37,"column":12}},"loc":{"start":{"line":37,"column":31},"end":{"line":47,"column":5}},"line":37},"3":{"name":"(anonymous_3)","decl":{"start":{"line":51,"column":28},"end":{"line":51,"column":33}},"loc":{"start":{"line":51,"column":54},"end":{"line":74,"column":1}},"line":51}},"branchMap":{"0":{"loc":{"start":{"line":9,"column":4},"end":{"line":11,"column":null}},"type":"if","locations":[{"start":{"line":9,"column":4},"end":{"line":11,"column":null}},{"start":{},"end":{}}],"line":9},"1":{"loc":{"start":{"line":9,"column":8},"end":{"line":9,"column":56}},"type":"binary-expr","locations":[{"start":{"line":9,"column":8},"end":{"line":9,"column":19}},{"start":{"line":9,"column":23},"end":{"line":9,"column":56}}],"line":9},"2":{"loc":{"start":{"line":24,"column":8},"end":{"line":26,"column":null}},"type":"if","locations":[{"start":{"line":24,"column":8},"end":{"line":26,"column":null}},{"start":{},"end":{}}],"line":24},"3":{"loc":{"start":{"line":28,"column":37},"end":{"line":28,"column":55}},"type":"binary-expr","locations":[{"start":{"line":28,"column":37},"end":{"line":28,"column":47}},{"start":{"line":28,"column":51},"end":{"line":28,"column":55}}],"line":28},"4":{"loc":{"start":{"line":38,"column":8},"end":{"line":40,"column":null}},"type":"if","locations":[{"start":{"line":38,"column":8},"end":{"line":40,"column":null}},{"start":{},"end":{}}],"line":38},"5":{"loc":{"start":{"line":42,"column":8},"end":{"line":44,"column":null}},"type":"if","locations":[{"start":{"line":42,"column":8},"end":{"line":44,"column":null}},{"start":{},"end":{}}],"line":42},"6":{"loc":{"start":{"line":54,"column":4},"end":{"line":57,"column":null}},"type":"if","locations":[{"start":{"line":54,"column":4},"end":{"line":57,"column":null}},{"start":{},"end":{}}],"line":54},"7":{"loc":{"start":{"line":54,"column":8},"end":{"line":54,"column":56}},"type":"binary-expr","locations":[{"start":{"line":54,"column":8},"end":{"line":54,"column":19}},{"start":{"line":54,"column":23},"end":{"line":54,"column":56}}],"line":54},"8":{"loc":{"start":{"line":68,"column":19},"end":{"line":68,"column":71}},"type":"cond-expr","locations":[{"start":{"line":68,"column":26},"end":{"line":68,"column":64}},{"start":{"line":68,"column":67},"end":{"line":68,"column":71}}],"line":68},"9":{"loc":{"start":{"line":68,"column":44},"end":{"line":68,"column":62}},"type":"binary-expr","locations":[{"start":{"line":68,"column":44},"end":{"line":68,"column":54}},{"start":{"line":68,"column":58},"end":{"line":68,"column":62}}],"line":68}},"s":{"0":3,"1":30,"2":30,"3":6,"4":24,"5":24,"6":24,"7":24,"8":22,"9":22,"10":1,"11":21,"12":30,"13":2,"14":3,"15":66,"16":16,"17":1,"18":15,"19":4,"20":11,"21":3,"22":3,"23":3,"24":1,"25":1,"26":2,"27":2,"28":2,"29":2,"30":1,"31":1,"32":1,"33":2},"f":{"0":30,"1":66,"2":16,"3":3},"b":{"0":[6,24],"1":[30,26],"2":[1,21],"3":[21,1],"4":[1,15],"5":[4,11],"6":[1,2],"7":[3,2],"8":[1,0],"9":[1,0]},"meta":{"lastBranch":10,"lastFunction":4,"lastStatement":34,"seen":{"s:6:28:33:1":0,"f:6:28:6:33":0,"s:7:23:7:48":1,"b:9:4:11:Infinity:undefined:undefined:undefined:undefined":0,"s:9:4:11:Infinity":2,"b:9:8:9:19:9:23:9:56":1,"s:10:8:10:Infinity":3,"s:13:18:13:42":4,"s:15:4:32:Infinity":5,"s:16:24:16:60":6,"s:18:23:21:9":7,"s:22:21:22:28":8,"b:24:8:26:Infinity:undefined:undefined:undefined:undefined":2,"s:24:8:26:Infinity":9,"s:25:12:25:Infinity":10,"s:28:8:28:Infinity":11,"b:28:37:28:47:28:51:28:55":3,"s:29:8:29:Infinity":12,"s:31:8:31:Infinity":13,"s:36:25:48:1":14,"f:36:25:36:26":1,"s:37:4:47:Infinity":15,"f:37:11:37:12":2,"b:38:8:40:Infinity:undefined:undefined:undefined:undefined":4,"s:38:8:40:Infinity":16,"s:39:12:39:Infinity":17,"b:42:8:44:Infinity:undefined:undefined:undefined:undefined":5,"s:42:8:44:Infinity":18,"s:43:12:43:Infinity":19,"s:46:8:46:Infinity":20,"s:51:28:74:1":21,"f:51:28:51:33":3,"s:52:23:52:48":22,"b:54:4:57:Infinity:undefined:undefined:undefined:undefined":6,"s:54:4:57:Infinity":23,"b:54:8:54:19:54:23:54:56":7,"s:55:8:55:Infinity":24,"s:56:8:56:Infinity":25,"s:59:18:59:42":26,"s:61:4:71:Infinity":27,"s:62:24:62:60":28,"s:63:23:66:9":29,"s:67:21:67:28":30,"s:68:8:68:Infinity":31,"b:68:26:68:64:68:67:68:71":8,"b:68:44:68:54:68:58:68:62":9,"s:70:8:70:Infinity":32,"s:73:4:73:Infinity":33}}}
,"C:\\Users\\Michael\\Documents\\IF\\ManagementInventory\\backend\\src\\middleware\\uploadSecurity.js": {"path":"C:\\Users\\Michael\\Documents\\IF\\ManagementInventory\\backend\\src\\middleware\\uploadSecurity.js","statementMap":{"0":{"start":{"line":9,"column":32},"end":{"line":17,"column":2}},"1":{"start":{"line":22,"column":35},"end":{"line":71,"column":1}},"2":{"start":{"line":24,"column":2},"end":{"line":26,"column":null}},"3":{"start":{"line":25,"column":4},"end":{"line":25,"column":null}},"4":{"start":{"line":29,"column":2},"end":{"line":33,"column":null}},"5":{"start":{"line":30,"column":4},"end":{"line":32,"column":null}},"6":{"start":{"line":36,"column":2},"end":{"line":47,"column":null}},"7":{"start":{"line":37,"column":29},"end":{"line":40,"column":5}},"8":{"start":{"line":42,"column":4},"end":{"line":46,"column":null}},"9":{"start":{"line":43,"column":6},"end":{"line":45,"column":null}},"10":{"start":{"line":50,"column":2},"end":{"line":61,"column":null}},"11":{"start":{"line":51,"column":4},"end":{"line":53,"column":null}},"12":{"start":{"line":52,"column":6},"end":{"line":52,"column":null}},"13":{"start":{"line":56,"column":4},"end":{"line":60,"column":null}},"14":{"start":{"line":57,"column":6},"end":{"line":59,"column":null}},"15":{"start":{"line":64,"column":2},"end":{"line":68,"column":null}},"16":{"start":{"line":65,"column":4},"end":{"line":67,"column":null}},"17":{"start":{"line":70,"column":2},"end":{"line":70,"column":null}},"18":{"start":{"line":77,"column":31},"end":{"line":83,"column":1}},"19":{"start":{"line":79,"column":2},"end":{"line":79,"column":null}},"20":{"start":{"line":80,"column":2},"end":{"line":80,"column":null}},"21":{"start":{"line":82,"column":2},"end":{"line":82,"column":null}},"22":{"start":{"line":88,"column":33},"end":{"line":122,"column":1}},"23":{"start":{"line":89,"column":2},"end":{"line":89,"column":null}},"24":{"start":{"line":89,"column":29},"end":{"line":89,"column":null}},"25":{"start":{"line":91,"column":2},"end":{"line":121,"column":null}},"26":{"start":{"line":93,"column":18},"end":{"line":93,"column":37}},"27":{"start":{"line":96,"column":24},"end":{"line":103,"column":5}},"28":{"start":{"line":105,"column":4},"end":{"line":118,"column":null}},"29":{"start":{"line":106,"column":6},"end":{"line":117,"column":null}},"30":{"start":{"line":107,"column":22},"end":{"line":107,"column":31}},"31":{"start":{"line":110,"column":8},"end":{"line":116,"column":null}},"32":{"start":{"line":111,"column":10},"end":{"line":111,"column":62}},"33":{"start":{"line":112,"column":15},"end":{"line":116,"column":null}},"34":{"start":{"line":113,"column":10},"end":{"line":113,"column":null}},"35":{"start":{"line":115,"column":10},"end":{"line":115,"column":null}},"36":{"start":{"line":120,"column":4},"end":{"line":120,"column":null}},"37":{"start":{"line":127,"column":39},"end":{"line":132,"column":1}},"38":{"start":{"line":128,"column":2},"end":{"line":130,"column":null}},"39":{"start":{"line":129,"column":4},"end":{"line":129,"column":null}},"40":{"start":{"line":131,"column":2},"end":{"line":131,"column":null}}},"fnMap":{"0":{"name":"(anonymous_0)","decl":{"start":{"line":22,"column":35},"end":{"line":22,"column":36}},"loc":{"start":{"line":22,"column":55},"end":{"line":71,"column":1}},"line":22},"1":{"name":"(anonymous_1)","decl":{"start":{"line":64,"column":24},"end":{"line":64,"column":25}},"loc":{"start":{"line":64,"column":30},"end":{"line":68,"column":3}},"line":64},"2":{"name":"(anonymous_2)","decl":{"start":{"line":77,"column":31},"end":{"line":77,"column":32}},"loc":{"start":{"line":77,"column":37},"end":{"line":83,"column":1}},"line":77},"3":{"name":"(anonymous_3)","decl":{"start":{"line":88,"column":33},"end":{"line":88,"column":34}},"loc":{"start":{"line":88,"column":44},"end":{"line":122,"column":1}},"line":88},"4":{"name":"(anonymous_4)","decl":{"start":{"line":91,"column":19},"end":{"line":91,"column":20}},"loc":{"start":{"line":91,"column":29},"end":{"line":121,"column":3}},"line":91},"5":{"name":"(anonymous_5)","decl":{"start":{"line":127,"column":39},"end":{"line":127,"column":40}},"loc":{"start":{"line":127,"column":59},"end":{"line":132,"column":1}},"line":127}},"branchMap":{"0":{"loc":{"start":{"line":24,"column":2},"end":{"line":26,"column":null}},"type":"if","locations":[{"start":{"line":24,"column":2},"end":{"line":26,"column":null}},{"start":{},"end":{}}],"line":24},"1":{"loc":{"start":{"line":24,"column":6},"end":{"line":24,"column":34}},"type":"binary-expr","locations":[{"start":{"line":24,"column":6},"end":{"line":24,"column":15}},{"start":{"line":24,"column":19},"end":{"line":24,"column":34}}],"line":24},"2":{"loc":{"start":{"line":29,"column":2},"end":{"line":33,"column":null}},"type":"if","locations":[{"start":{"line":29,"column":2},"end":{"line":33,"column":null}},{"start":{},"end":{}}],"line":29},"3":{"loc":{"start":{"line":29,"column":6},"end":{"line":29,"column":49}},"type":"binary-expr","locations":[{"start":{"line":29,"column":6},"end":{"line":29,"column":14}},{"start":{"line":29,"column":18},"end":{"line":29,"column":49}}],"line":29},"4":{"loc":{"start":{"line":36,"column":2},"end":{"line":47,"column":null}},"type":"if","locations":[{"start":{"line":36,"column":2},"end":{"line":47,"column":null}},{"start":{},"end":{}}],"line":36},"5":{"loc":{"start":{"line":42,"column":4},"end":{"line":46,"column":null}},"type":"if","locations":[{"start":{"line":42,"column":4},"end":{"line":46,"column":null}},{"start":{},"end":{}}],"line":42},"6":{"loc":{"start":{"line":50,"column":2},"end":{"line":61,"column":null}},"type":"if","locations":[{"start":{"line":50,"column":2},"end":{"line":61,"column":null}},{"start":{},"end":{}}],"line":50},"7":{"loc":{"start":{"line":51,"column":4},"end":{"line":53,"column":null}},"type":"if","locations":[{"start":{"line":51,"column":4},"end":{"line":53,"column":null}},{"start":{},"end":{}}],"line":51},"8":{"loc":{"start":{"line":56,"column":4},"end":{"line":60,"column":null}},"type":"if","locations":[{"start":{"line":56,"column":4},"end":{"line":60,"column":null}},{"start":{},"end":{}}],"line":56},"9":{"loc":{"start":{"line":89,"column":2},"end":{"line":89,"column":null}},"type":"if","locations":[{"start":{"line":89,"column":2},"end":{"line":89,"column":null}},{"start":{},"end":{}}],"line":89},"10":{"loc":{"start":{"line":106,"column":6},"end":{"line":117,"column":null}},"type":"if","locations":[{"start":{"line":106,"column":6},"end":{"line":117,"column":null}},{"start":{},"end":{}}],"line":106},"11":{"loc":{"start":{"line":110,"column":8},"end":{"line":116,"column":null}},"type":"if","locations":[{"start":{"line":110,"column":8},"end":{"line":116,"column":null}},{"start":{"line":112,"column":15},"end":{"line":116,"column":null}}],"line":110},"12":{"loc":{"start":{"line":112,"column":15},"end":{"line":116,"column":null}},"type":"if","locations":[{"start":{"line":112,"column":15},"end":{"line":116,"column":null}},{"start":{"line":114,"column":15},"end":{"line":116,"column":null}}],"line":112},"13":{"loc":{"start":{"line":113,"column":23},"end":{"line":113,"column":57}},"type":"cond-expr","locations":[{"start":{"line":113,"column":48},"end":{"line":113,"column":53}},{"start":{"line":113,"column":56},"end":{"line":113,"column":57}}],"line":113},"14":{"loc":{"start":{"line":128,"column":2},"end":{"line":130,"column":null}},"type":"if","locations":[{"start":{"line":128,"column":2},"end":{"line":130,"column":null}},{"start":{},"end":{}}],"line":128},"15":{"loc":{"start":{"line":128,"column":6},"end":{"line":128,"column":53}},"type":"binary-expr","locations":[{"start":{"line":128,"column":6},"end":{"line":128,"column":20}},{"start":{"line":128,"column":24},"end":{"line":128,"column":53}}],"line":128}},"s":{"0":3,"1":3,"2":9,"3":1,"4":8,"5":1,"6":7,"7":3,"8":3,"9":1,"10":6,"11":4,"12":1,"13":3,"14":1,"15":4,"16":1,"17":4,"18":3,"19":0,"20":0,"21":0,"22":3,"23":7,"24":2,"25":5,"26":5,"27":5,"28":5,"29":30,"30":11,"31":11,"32":6,"33":5,"34":4,"35":1,"36":5,"37":3,"38":2,"39":1,"40":2},"f":{"0":9,"1":1,"2":0,"3":7,"4":5,"5":2},"b":{"0":[1,8],"1":[9,5],"2":[1,7],"3":[8,4],"4":[3,4],"5":[1,2],"6":[4,2],"7":[1,3],"8":[1,2],"9":[2,5],"10":[11,19],"11":[6,5],"12":[4,1],"13":[2,2],"14":[1,1],"15":[2,1]},"meta":{"lastBranch":16,"lastFunction":6,"lastStatement":41,"seen":{"s:9:32:17:2":0,"s:22:35:71:1":1,"f:22:35:22:36":0,"b:24:2:26:Infinity:undefined:undefined:undefined:undefined":0,"s:24:2:26:Infinity":2,"b:24:6:24:15:24:19:24:34":1,"s:25:4:25:Infinity":3,"b:29:2:33:Infinity:undefined:undefined:undefined:undefined":2,"s:29:2:33:Infinity":4,"b:29:6:29:14:29:18:29:49":3,"s:30:4:32:Infinity":5,"b:36:2:47:Infinity:undefined:undefined:undefined:undefined":4,"s:36:2:47:Infinity":6,"s:37:29:40:5":7,"b:42:4:46:Infinity:undefined:undefined:undefined:undefined":5,"s:42:4:46:Infinity":8,"s:43:6:45:Infinity":9,"b:50:2:61:Infinity:undefined:undefined:undefined:undefined":6,"s:50:2:61:Infinity":10,"b:51:4:53:Infinity:undefined:undefined:undefined:undefined":7,"s:51:4:53:Infinity":11,"s:52:6:52:Infinity":12,"b:56:4:60:Infinity:undefined:undefined:undefined:undefined":8,"s:56:4:60:Infinity":13,"s:57:6:59:Infinity":14,"s:64:2:68:Infinity":15,"f:64:24:64:25":1,"s:65:4:67:Infinity":16,"s:70:2:70:Infinity":17,"s:77:31:83:1":18,"f:77:31:77:32":2,"s:79:2:79:Infinity":19,"s:80:2:80:Infinity":20,"s:82:2:82:Infinity":21,"s:88:33:122:1":22,"f:88:33:88:34":3,"b:89:2:89:Infinity:undefined:undefined:undefined:undefined":9,"s:89:2:89:Infinity":23,"s:89:29:89:Infinity":24,"s:91:2:121:Infinity":25,"f:91:19:91:20":4,"s:93:18:93:37":26,"s:96:24:103:5":27,"s:105:4:118:Infinity":28,"b:106:6:117:Infinity:undefined:undefined:undefined:undefined":10,"s:106:6:117:Infinity":29,"s:107:22:107:31":30,"b:110:8:116:Infinity:112:15:116:Infinity":11,"s:110:8:116:Infinity":31,"s:111:10:111:62":32,"b:112:15:116:Infinity:114:15:116:Infinity":12,"s:112:15:116:Infinity":33,"s:113:10:113:Infinity":34,"b:113:48:113:53:113:56:113:57":13,"s:115:10:115:Infinity":35,"s:120:4:120:Infinity":36,"s:127:39:132:1":37,"f:127:39:127:40":5,"b:128:2:130:Infinity:undefined:undefined:undefined:undefined":14,"s:128:2:130:Infinity":38,"b:128:6:128:20:128:24:128:53":15,"s:129:4:129:Infinity":39,"s:131:2:131:Infinity":40}}}
,"C:\\Users\\Michael\\Documents\\IF\\ManagementInventory\\backend\\src\\utils\\auditLogger.js": {"path":"C:\\Users\\Michael\\Documents\\IF\\ManagementInventory\\backend\\src\\utils\\auditLogger.js","statementMap":{"0":{"start":{"line":3,"column":17},"end":{"line":11,"column":1}},"1":{"start":{"line":4,"column":4},"end":{"line":4,"column":null}},"2":{"start":{"line":4,"column":29},"end":{"line":4,"column":null}},"3":{"start":{"line":5,"column":4},"end":{"line":5,"column":null}},"4":{"start":{"line":5,"column":24},"end":{"line":5,"column":null}},"5":{"start":{"line":6,"column":4},"end":{"line":10,"column":null}},"6":{"start":{"line":7,"column":8},"end":{"line":7,"column":null}},"7":{"start":{"line":9,"column":8},"end":{"line":9,"column":null}},"8":{"start":{"line":13,"column":29},"end":{"line":43,"column":1}},"9":{"start":{"line":22,"column":4},"end":{"line":22,"column":null}},"10":{"start":{"line":22,"column":44},"end":{"line":22,"column":null}},"11":{"start":{"line":24,"column":21},"end":{"line":24,"column":31}},"12":{"start":{"line":25,"column":4},"end":{"line":27,"column":null}},"13":{"start":{"line":26,"column":8},"end":{"line":26,"column":null}},"14":{"start":{"line":29,"column":21},"end":{"line":33,"column":5}},"15":{"start":{"line":35,"column":4},"end":{"line":42,"column":null}}},"fnMap":{"0":{"name":"(anonymous_0)","decl":{"start":{"line":3,"column":17},"end":{"line":3,"column":18}},"loc":{"start":{"line":3,"column":28},"end":{"line":11,"column":1}},"line":3},"1":{"name":"(anonymous_1)","decl":{"start":{"line":13,"column":29},"end":{"line":13,"column":34}},"loc":{"start":{"line":21,"column":6},"end":{"line":43,"column":1}},"line":21}},"branchMap":{"0":{"loc":{"start":{"line":4,"column":4},"end":{"line":4,"column":null}},"type":"if","locations":[{"start":{"line":4,"column":4},"end":{"line":4,"column":null}},{"start":{},"end":{}}],"line":4},"1":{"loc":{"start":{"line":5,"column":4},"end":{"line":5,"column":null}},"type":"if","locations":[{"start":{"line":5,"column":4},"end":{"line":5,"column":null}},{"start":{},"end":{}}],"line":5},"2":{"loc":{"start":{"line":17,"column":4},"end":{"line":17,"column":20}},"type":"default-arg","locations":[{"start":{"line":17,"column":16},"end":{"line":17,"column":20}}],"line":17},"3":{"loc":{"start":{"line":18,"column":4},"end":{"line":18,"column":20}},"type":"default-arg","locations":[{"start":{"line":18,"column":16},"end":{"line":18,"column":20}}],"line":18},"4":{"loc":{"start":{"line":19,"column":4},"end":{"line":19,"column":17}},"type":"default-arg","locations":[{"start":{"line":19,"column":13},"end":{"line":19,"column":17}}],"line":19},"5":{"loc":{"start":{"line":22,"column":4},"end":{"line":22,"column":null}},"type":"if","locations":[{"start":{"line":22,"column":4},"end":{"line":22,"column":null}},{"start":{},"end":{}}],"line":22},"6":{"loc":{"start":{"line":22,"column":8},"end":{"line":22,"column":42}},"type":"binary-expr","locations":[{"start":{"line":22,"column":8},"end":{"line":22,"column":18}},{"start":{"line":22,"column":22},"end":{"line":22,"column":31}},{"start":{"line":22,"column":35},"end":{"line":22,"column":42}}],"line":22},"7":{"loc":{"start":{"line":25,"column":4},"end":{"line":27,"column":null}},"type":"if","locations":[{"start":{"line":25,"column":4},"end":{"line":27,"column":null}},{"start":{},"end":{}}],"line":25},"8":{"loc":{"start":{"line":25,"column":8},"end":{"line":25,"column":57}},"type":"binary-expr","locations":[{"start":{"line":25,"column":8},"end":{"line":25,"column":17}},{"start":{"line":25,"column":21},"end":{"line":25,"column":57}}],"line":25}},"s":{"0":3,"1":24,"2":0,"3":24,"4":7,"5":17,"6":17,"7":1,"8":3,"9":14,"10":1,"11":13,"12":13,"13":1,"14":12,"15":12},"f":{"0":24,"1":14},"b":{"0":[0,24],"1":[7,17],"2":[14],"3":[14],"4":[14],"5":[1,13],"6":[14,13,13],"7":[1,12],"8":[13,12]},"meta":{"lastBranch":9,"lastFunction":2,"lastStatement":16,"seen":{"s:3:17:11:1":0,"f:3:17:3:18":0,"b:4:4:4:Infinity:undefined:undefined:undefined:undefined":0,"s:4:4:4:Infinity":1,"s:4:29:4:Infinity":2,"b:5:4:5:Infinity:undefined:undefined:undefined:undefined":1,"s:5:4:5:Infinity":3,"s:5:24:5:Infinity":4,"s:6:4:10:Infinity":5,"s:7:8:7:Infinity":6,"s:9:8:9:Infinity":7,"s:13:29:43:1":8,"f:13:29:13:34":1,"b:17:16:17:20":2,"b:18:16:18:20":3,"b:19:13:19:17":4,"b:22:4:22:Infinity:undefined:undefined:undefined:undefined":5,"s:22:4:22:Infinity":9,"b:22:8:22:18:22:22:22:31:22:35:22:42":6,"s:22:44:22:Infinity":10,"s:24:21:24:31":11,"b:25:4:27:Infinity:undefined:undefined:undefined:undefined":7,"s:25:4:27:Infinity":12,"b:25:8:25:17:25:21:25:57":8,"s:26:8:26:Infinity":13,"s:29:21:33:5":14,"s:35:4:42:Infinity":15}}}
,"C:\\Users\\Michael\\Documents\\IF\\ManagementInventory\\backend\\src\\utils\\date.js": {"path":"C:\\Users\\Michael\\Documents\\IF\\ManagementInventory\\backend\\src\\utils\\date.js","statementMap":{"0":{"start":{"line":1,"column":26},"end":{"line":5,"column":1}},"1":{"start":{"line":4,"column":4},"end":{"line":4,"column":80}}},"fnMap":{"0":{"name":"(anonymous_0)","decl":{"start":{"line":1,"column":26},"end":{"line":1,"column":27}},"loc":{"start":{"line":1,"column":32},"end":{"line":5,"column":1}},"line":1}},"branchMap":{},"s":{"0":3,"1":3},"f":{"0":3},"b":{},"meta":{"lastBranch":0,"lastFunction":1,"lastStatement":2,"seen":{"s:1:26:5:1":0,"f:1:26:1:27":0,"s:4:4:4:80":1}}}
,"C:\\Users\\Michael\\Documents\\IF\\ManagementInventory\\backend\\src\\utils\\emailService.js": {"path":"C:\\Users\\Michael\\Documents\\IF\\ManagementInventory\\backend\\src\\utils\\emailService.js","statementMap":{"0":{"start":{"line":10,"column":8},"end":{"line":10,"column":null}},"1":{"start":{"line":11,"column":8},"end":{"line":11,"column":null}},"2":{"start":{"line":12,"column":8},"end":{"line":12,"column":null}},"3":{"start":{"line":16,"column":8},"end":{"line":16,"column":null}},"4":{"start":{"line":20,"column":20},"end":{"line":20,"column":68}},"5":{"start":{"line":21,"column":8},"end":{"line":24,"column":null}},"6":{"start":{"line":23,"column":24},"end":{"line":23,"column":32}},"7":{"start":{"line":28,"column":21},"end":{"line":28,"column":42}},"8":{"start":{"line":29,"column":8},"end":{"line":47,"column":null}},"9":{"start":{"line":30,"column":12},"end":{"line":45,"column":null}},"10":{"start":{"line":31,"column":29},"end":{"line":31,"column":73}},"11":{"start":{"line":32,"column":31},"end":{"line":32,"column":65}},"12":{"start":{"line":33,"column":29},"end":{"line":33,"column":50}},"13":{"start":{"line":34,"column":29},"end":{"line":34,"column":50}},"14":{"start":{"line":35,"column":16},"end":{"line":40,"column":null}},"15":{"start":{"line":41,"column":16},"end":{"line":41,"column":null}},"16":{"start":{"line":42,"column":16},"end":{"line":42,"column":null}},"17":{"start":{"line":44,"column":16},"end":{"line":44,"column":null}},"18":{"start":{"line":46,"column":12},"end":{"line":46,"column":null}},"19":{"start":{"line":49,"column":8},"end":{"line":67,"column":null}},"20":{"start":{"line":50,"column":32},"end":{"line":50,"column":68}},"21":{"start":{"line":51,"column":12},"end":{"line":59,"column":null}},"22":{"start":{"line":60,"column":12},"end":{"line":60,"column":null}},"23":{"start":{"line":61,"column":12},"end":{"line":61,"column":null}},"24":{"start":{"line":62,"column":12},"end":{"line":62,"column":null}},"25":{"start":{"line":63,"column":12},"end":{"line":63,"column":null}},"26":{"start":{"line":65,"column":12},"end":{"line":65,"column":null}},"27":{"start":{"line":66,"column":12},"end":{"line":66,"column":null}},"28":{"start":{"line":71,"column":23},"end":{"line":71,"column":106}},"29":{"start":{"line":71,"column":81},"end":{"line":71,"column":89}},"30":{"start":{"line":72,"column":8},"end":{"line":72,"column":null}},"31":{"start":{"line":73,"column":8},"end":{"line":73,"column":null}},"32":{"start":{"line":74,"column":8},"end":{"line":74,"column":null}},"33":{"start":{"line":75,"column":8},"end":{"line":75,"column":null}},"34":{"start":{"line":77,"column":8},"end":{"line":80,"column":null}},"35":{"start":{"line":78,"column":12},"end":{"line":78,"column":null}},"36":{"start":{"line":79,"column":12},"end":{"line":79,"column":null}},"37":{"start":{"line":82,"column":8},"end":{"line":97,"column":null}},"38":{"start":{"line":83,"column":25},"end":{"line":88,"column":14}},"39":{"start":{"line":89,"column":31},"end":{"line":89,"column":65}},"40":{"start":{"line":90,"column":12},"end":{"line":92,"column":null}},"41":{"start":{"line":91,"column":16},"end":{"line":91,"column":null}},"42":{"start":{"line":93,"column":12},"end":{"line":93,"column":null}},"43":{"start":{"line":95,"column":12},"end":{"line":95,"column":null}},"44":{"start":{"line":96,"column":12},"end":{"line":96,"column":null}},"45":{"start":{"line":101,"column":19},"end":{"line":101,"column":44}},"46":{"start":{"line":102,"column":8},"end":{"line":105,"column":null}},"47":{"start":{"line":103,"column":12},"end":{"line":103,"column":null}},"48":{"start":{"line":104,"column":12},"end":{"line":104,"column":null}},"49":{"start":{"line":106,"column":8},"end":{"line":126,"column":null}},"50":{"start":{"line":130,"column":19},"end":{"line":130,"column":44}},"51":{"start":{"line":131,"column":8},"end":{"line":134,"column":null}},"52":{"start":{"line":132,"column":12},"end":{"line":132,"column":null}},"53":{"start":{"line":133,"column":12},"end":{"line":133,"column":null}},"54":{"start":{"line":135,"column":8},"end":{"line":156,"column":null}},"55":{"start":{"line":160,"column":23},"end":{"line":160,"column":46}},"56":{"start":{"line":161,"column":8},"end":{"line":163,"column":null}},"57":{"start":{"line":162,"column":12},"end":{"line":162,"column":null}},"58":{"start":{"line":164,"column":19},"end":{"line":164,"column":53}},"59":{"start":{"line":166,"column":12},"end":{"line":170,"column":52}},"60":{"start":{"line":171,"column":8},"end":{"line":186,"column":null}},"61":{"start":{"line":190,"column":19},"end":{"line":190,"column":44}},"62":{"start":{"line":191,"column":8},"end":{"line":194,"column":null}},"63":{"start":{"line":192,"column":12},"end":{"line":192,"column":null}},"64":{"start":{"line":193,"column":12},"end":{"line":193,"column":null}},"65":{"start":{"line":195,"column":8},"end":{"line":215,"column":null}},"66":{"start":{"line":219,"column":21},"end":{"line":219,"column":39}}},"fnMap":{"0":{"name":"(anonymous_0)","decl":{"start":{"line":9,"column":4},"end":{"line":9,"column":15}},"loc":{"start":{"line":9,"column":18},"end":{"line":13,"column":null}},"line":9},"1":{"name":"(anonymous_1)","decl":{"start":{"line":15,"column":4},"end":{"line":15,"column":15}},"loc":{"start":{"line":15,"column":18},"end":{"line":17,"column":null}},"line":15},"2":{"name":"(anonymous_2)","decl":{"start":{"line":19,"column":4},"end":{"line":19,"column":22}},"loc":{"start":{"line":19,"column":25},"end":{"line":25,"column":null}},"line":19},"3":{"name":"(anonymous_3)","decl":{"start":{"line":23,"column":17},"end":{"line":23,"column":18}},"loc":{"start":{"line":23,"column":24},"end":{"line":23,"column":32}},"line":23},"4":{"name":"(anonymous_4)","decl":{"start":{"line":27,"column":10},"end":{"line":27,"column":14}},"loc":{"start":{"line":27,"column":17},"end":{"line":68,"column":null}},"line":27},"5":{"name":"(anonymous_5)","decl":{"start":{"line":70,"column":10},"end":{"line":70,"column":18}},"loc":{"start":{"line":70,"column":42},"end":{"line":98,"column":null}},"line":70},"6":{"name":"(anonymous_6)","decl":{"start":{"line":71,"column":74},"end":{"line":71,"column":75}},"loc":{"start":{"line":71,"column":81},"end":{"line":71,"column":89}},"line":71},"7":{"name":"(anonymous_7)","decl":{"start":{"line":100,"column":10},"end":{"line":100,"column":24}},"loc":{"start":{"line":100,"column":69},"end":{"line":127,"column":null}},"line":100},"8":{"name":"(anonymous_8)","decl":{"start":{"line":129,"column":10},"end":{"line":129,"column":26}},"loc":{"start":{"line":129,"column":69},"end":{"line":157,"column":null}},"line":129},"9":{"name":"(anonymous_9)","decl":{"start":{"line":159,"column":10},"end":{"line":159,"column":33}},"loc":{"start":{"line":159,"column":69},"end":{"line":187,"column":null}},"line":159},"10":{"name":"(anonymous_10)","decl":{"start":{"line":189,"column":10},"end":{"line":189,"column":31}},"loc":{"start":{"line":189,"column":75},"end":{"line":216,"column":null}},"line":189}},"branchMap":{"0":{"loc":{"start":{"line":16,"column":15},"end":{"line":16,"column":81}},"type":"binary-expr","locations":[{"start":{"line":16,"column":15},"end":{"line":16,"column":36}},{"start":{"line":16,"column":40},"end":{"line":16,"column":81}}],"line":16},"1":{"loc":{"start":{"line":20,"column":20},"end":{"line":20,"column":68}},"type":"binary-expr","locations":[{"start":{"line":20,"column":20},"end":{"line":20,"column":45}},{"start":{"line":20,"column":49},"end":{"line":20,"column":68}}],"line":20},"2":{"loc":{"start":{"line":29,"column":8},"end":{"line":47,"column":null}},"type":"if","locations":[{"start":{"line":29,"column":8},"end":{"line":47,"column":null}},{"start":{},"end":{}}],"line":29},"3":{"loc":{"start":{"line":31,"column":38},"end":{"line":31,"column":68}},"type":"binary-expr","locations":[{"start":{"line":31,"column":38},"end":{"line":31,"column":59}},{"start":{"line":31,"column":63},"end":{"line":31,"column":68}}],"line":31},"4":{"loc":{"start":{"line":39,"column":26},"end":{"line":39,"column":71}},"type":"cond-expr","locations":[{"start":{"line":39,"column":33},"end":{"line":39,"column":59}},{"start":{"line":39,"column":62},"end":{"line":39,"column":71}}],"line":39},"5":{"loc":{"start":{"line":39,"column":47},"end":{"line":39,"column":57}},"type":"binary-expr","locations":[{"start":{"line":39,"column":47},"end":{"line":39,"column":51}},{"start":{"line":39,"column":55},"end":{"line":39,"column":57}}],"line":39},"6":{"loc":{"start":{"line":71,"column":23},"end":{"line":71,"column":106}},"type":"cond-expr","locations":[{"start":{"line":71,"column":43},"end":{"line":71,"column":45}},{"start":{"line":71,"column":48},"end":{"line":71,"column":106}}],"line":71},"7":{"loc":{"start":{"line":77,"column":8},"end":{"line":80,"column":null}},"type":"if","locations":[{"start":{"line":77,"column":8},"end":{"line":80,"column":null}},{"start":{},"end":{}}],"line":77},"8":{"loc":{"start":{"line":77,"column":12},"end":{"line":77,"column":50}},"type":"binary-expr","locations":[{"start":{"line":77,"column":12},"end":{"line":77,"column":29}},{"start":{"line":77,"column":33},"end":{"line":77,"column":50}}],"line":77},"9":{"loc":{"start":{"line":90,"column":12},"end":{"line":92,"column":null}},"type":"if","locations":[{"start":{"line":90,"column":12},"end":{"line":92,"column":null}},{"start":{},"end":{}}],"line":90},"10":{"loc":{"start":{"line":102,"column":8},"end":{"line":105,"column":null}},"type":"if","locations":[{"start":{"line":102,"column":8},"end":{"line":105,"column":null}},{"start":{},"end":{}}],"line":102},"11":{"loc":{"start":{"line":131,"column":8},"end":{"line":134,"column":null}},"type":"if","locations":[{"start":{"line":131,"column":8},"end":{"line":134,"column":null}},{"start":{},"end":{}}],"line":131},"12":{"loc":{"start":{"line":160,"column":30},"end":{"line":160,"column":38}},"type":"binary-expr","locations":[{"start":{"line":160,"column":30},"end":{"line":160,"column":32}},{"start":{"line":160,"column":36},"end":{"line":160,"column":38}}],"line":160},"13":{"loc":{"start":{"line":161,"column":8},"end":{"line":163,"column":null}},"type":"if","locations":[{"start":{"line":161,"column":8},"end":{"line":163,"column":null}},{"start":{},"end":{}}],"line":161},"14":{"loc":{"start":{"line":164,"column":26},"end":{"line":164,"column":38}},"type":"binary-expr","locations":[{"start":{"line":164,"column":26},"end":{"line":164,"column":32}},{"start":{"line":164,"column":36},"end":{"line":164,"column":38}}],"line":164},"15":{"loc":{"start":{"line":166,"column":12},"end":{"line":170,"column":52}},"type":"cond-expr","locations":[{"start":{"line":167,"column":18},"end":{"line":167,"column":null}},{"start":{"line":168,"column":18},"end":{"line":170,"column":52}}],"line":166},"16":{"loc":{"start":{"line":168,"column":18},"end":{"line":170,"column":52}},"type":"cond-expr","locations":[{"start":{"line":169,"column":20},"end":{"line":169,"column":null}},{"start":{"line":170,"column":20},"end":{"line":170,"column":52}}],"line":168},"17":{"loc":{"start":{"line":191,"column":8},"end":{"line":194,"column":null}},"type":"if","locations":[{"start":{"line":191,"column":8},"end":{"line":194,"column":null}},{"start":{},"end":{}}],"line":191}},"s":{"0":15,"1":15,"2":15,"3":3,"4":5,"5":5,"6":10,"7":15,"8":15,"9":1,"10":1,"11":1,"12":1,"13":1,"14":1,"15":1,"16":1,"17":0,"18":1,"19":14,"20":14,"21":14,"22":14,"23":14,"24":14,"25":14,"26":0,"27":0,"28":3,"29":2,"30":3,"31":3,"32":3,"33":3,"34":3,"35":1,"36":1,"37":2,"38":2,"39":1,"40":1,"41":1,"42":1,"43":1,"44":1,"45":2,"46":2,"47":1,"48":1,"49":1,"50":1,"51":1,"52":0,"53":0,"54":1,"55":2,"56":2,"57":1,"58":1,"59":2,"60":2,"61":1,"62":1,"63":0,"64":0,"65":1,"66":15},"f":{"0":15,"1":3,"2":5,"3":10,"4":15,"5":3,"6":2,"7":2,"8":1,"9":2,"10":1},"b":{"0":[3,2],"1":[5,0],"2":[1,14],"3":[1,0],"4":[1,0],"5":[1,0],"6":[1,2],"7":[1,2],"8":[3,2],"9":[1,0],"10":[1,1],"11":[0,1],"12":[2,1],"13":[1,1],"14":[1,0],"15":[0,1],"16":[1,0],"17":[0,1]},"meta":{"lastBranch":18,"lastFunction":11,"lastStatement":67,"seen":{"f:9:4:9:15":0,"s:10:8:10:Infinity":0,"s:11:8:11:Infinity":1,"s:12:8:12:Infinity":2,"f:15:4:15:15":1,"s:16:8:16:Infinity":3,"b:16:15:16:36:16:40:16:81":0,"f:19:4:19:22":2,"s:20:20:20:68":4,"b:20:20:20:45:20:49:20:68":1,"s:21:8:24:Infinity":5,"f:23:17:23:18":3,"s:23:24:23:32":6,"f:27:10:27:14":4,"s:28:21:28:42":7,"b:29:8:47:Infinity:undefined:undefined:undefined:undefined":2,"s:29:8:47:Infinity":8,"s:30:12:45:Infinity":9,"s:31:29:31:73":10,"b:31:38:31:59:31:63:31:68":3,"s:32:31:32:65":11,"s:33:29:33:50":12,"s:34:29:34:50":13,"s:35:16:40:Infinity":14,"b:39:33:39:59:39:62:39:71":4,"b:39:47:39:51:39:55:39:57":5,"s:41:16:41:Infinity":15,"s:42:16:42:Infinity":16,"s:44:16:44:Infinity":17,"s:46:12:46:Infinity":18,"s:49:8:67:Infinity":19,"s:50:32:50:68":20,"s:51:12:59:Infinity":21,"s:60:12:60:Infinity":22,"s:61:12:61:Infinity":23,"s:62:12:62:Infinity":24,"s:63:12:63:Infinity":25,"s:65:12:65:Infinity":26,"s:66:12:66:Infinity":27,"f:70:10:70:18":5,"s:71:23:71:106":28,"b:71:43:71:45:71:48:71:106":6,"f:71:74:71:75":6,"s:71:81:71:89":29,"s:72:8:72:Infinity":30,"s:73:8:73:Infinity":31,"s:74:8:74:Infinity":32,"s:75:8:75:Infinity":33,"b:77:8:80:Infinity:undefined:undefined:undefined:undefined":7,"s:77:8:80:Infinity":34,"b:77:12:77:29:77:33:77:50":8,"s:78:12:78:Infinity":35,"s:79:12:79:Infinity":36,"s:82:8:97:Infinity":37,"s:83:25:88:14":38,"s:89:31:89:65":39,"b:90:12:92:Infinity:undefined:undefined:undefined:undefined":9,"s:90:12:92:Infinity":40,"s:91:16:91:Infinity":41,"s:93:12:93:Infinity":42,"s:95:12:95:Infinity":43,"s:96:12:96:Infinity":44,"f:100:10:100:24":7,"s:101:19:101:44":45,"b:102:8:105:Infinity:undefined:undefined:undefined:undefined":10,"s:102:8:105:Infinity":46,"s:103:12:103:Infinity":47,"s:104:12:104:Infinity":48,"s:106:8:126:Infinity":49,"f:129:10:129:26":8,"s:130:19:130:44":50,"b:131:8:134:Infinity:undefined:undefined:undefined:undefined":11,"s:131:8:134:Infinity":51,"s:132:12:132:Infinity":52,"s:133:12:133:Infinity":53,"s:135:8:156:Infinity":54,"f:159:10:159:33":9,"s:160:23:160:46":55,"b:160:30:160:32:160:36:160:38":12,"b:161:8:163:Infinity:undefined:undefined:undefined:undefined":13,"s:161:8:163:Infinity":56,"s:162:12:162:Infinity":57,"s:164:19:164:53":58,"b:164:26:164:32:164:36:164:38":14,"s:166:12:170:52":59,"b:167:18:167:Infinity:168:18:170:52":15,"b:169:20:169:Infinity:170:20:170:52":16,"s:171:8:186:Infinity":60,"f:189:10:189:31":10,"s:190:19:190:44":61,"b:191:8:194:Infinity:undefined:undefined:undefined:undefined":17,"s:191:8:194:Infinity":62,"s:192:12:192:Infinity":63,"s:193:12:193:Infinity":64,"s:195:8:215:Infinity":65,"s:219:21:219:39":66}}}
,"C:\\Users\\Michael\\Documents\\IF\\ManagementInventory\\backend\\src\\utils\\notificationService.js": {"path":"C:\\Users\\Michael\\Documents\\IF\\ManagementInventory\\backend\\src\\utils\\notificationService.js","statementMap":{"0":{"start":{"line":6,"column":8},"end":{"line":6,"column":33}},"1":{"start":{"line":11,"column":8},"end":{"line":13,"column":9}},"2":{"start":{"line":12,"column":12},"end":{"line":12,"column":71}},"3":{"start":{"line":14,"column":23},"end":{"line":14,"column":47}},"4":{"start":{"line":15,"column":8},"end":{"line":15,"column":27}},"5":{"start":{"line":16,"column":8},"end":{"line":16,"column":36}},"6":{"start":{"line":19,"column":26},"end":{"line":21,"column":17}},"7":{"start":{"line":20,"column":12},"end":{"line":20,"column":31}},"8":{"start":{"line":24,"column":8},"end":{"line":27,"column":11}},"9":{"start":{"line":25,"column":12},"end":{"line":25,"column":37}},"10":{"start":{"line":26,"column":12},"end":{"line":26,"column":43}},"11":{"start":{"line":32,"column":23},"end":{"line":32,"column":47}},"12":{"start":{"line":33,"column":8},"end":{"line":38,"column":9}},"13":{"start":{"line":34,"column":12},"end":{"line":34,"column":43}},"14":{"start":{"line":35,"column":12},"end":{"line":37,"column":13}},"15":{"start":{"line":36,"column":16},"end":{"line":36,"column":44}},"16":{"start":{"line":42,"column":8},"end":{"line":51,"column":9}},"17":{"start":{"line":43,"column":12},"end":{"line":46,"column":13}},"18":{"start":{"line":44,"column":16},"end":{"line":44,"column":47}},"19":{"start":{"line":45,"column":16},"end":{"line":45,"column":23}},"20":{"start":{"line":47,"column":12},"end":{"line":47,"column":34}},"21":{"start":{"line":49,"column":12},"end":{"line":49,"column":53}},"22":{"start":{"line":50,"column":12},"end":{"line":50,"column":43}},"23":{"start":{"line":56,"column":23},"end":{"line":56,"column":47}},"24":{"start":{"line":57,"column":8},"end":{"line":60,"column":9}},"25":{"start":{"line":58,"column":31},"end":{"line":58,"column":86}},"26":{"start":{"line":59,"column":12},"end":{"line":59,"column":88}},"27":{"start":{"line":59,"column":46},"end":{"line":59,"column":86}},"28":{"start":{"line":65,"column":27},"end":{"line":65,"column":82}},"29":{"start":{"line":66,"column":8},"end":{"line":70,"column":11}},"30":{"start":{"line":67,"column":12},"end":{"line":69,"column":13}},"31":{"start":{"line":68,"column":16},"end":{"line":68,"column":92}},"32":{"start":{"line":68,"column":50},"end":{"line":68,"column":90}},"33":{"start":{"line":75,"column":27},"end":{"line":75,"column":82}},"34":{"start":{"line":76,"column":8},"end":{"line":78,"column":11}},"35":{"start":{"line":77,"column":12},"end":{"line":77,"column":88}},"36":{"start":{"line":77,"column":46},"end":{"line":77,"column":86}},"37":{"start":{"line":83,"column":28},"end":{"line":83,"column":53}}},"fnMap":{"0":{"name":"(anonymous_0)","decl":{"start":{"line":4,"column":4},"end":{"line":4,"column":15}},"loc":{"start":{"line":4,"column":18},"end":{"line":7,"column":5}},"line":4},"1":{"name":"(anonymous_1)","decl":{"start":{"line":10,"column":4},"end":{"line":10,"column":13}},"loc":{"start":{"line":10,"column":33},"end":{"line":28,"column":5}},"line":10},"2":{"name":"(anonymous_2)","decl":{"start":{"line":19,"column":38},"end":{"line":19,"column":39}},"loc":{"start":{"line":19,"column":44},"end":{"line":21,"column":9}},"line":19},"3":{"name":"(anonymous_3)","decl":{"start":{"line":24,"column":24},"end":{"line":24,"column":25}},"loc":{"start":{"line":24,"column":30},"end":{"line":27,"column":9}},"line":24},"4":{"name":"(anonymous_4)","decl":{"start":{"line":31,"column":4},"end":{"line":31,"column":16}},"loc":{"start":{"line":31,"column":30},"end":{"line":39,"column":5}},"line":31},"5":{"name":"(anonymous_5)","decl":{"start":{"line":41,"column":4},"end":{"line":41,"column":14}},"loc":{"start":{"line":41,"column":40},"end":{"line":52,"column":5}},"line":41},"6":{"name":"(anonymous_6)","decl":{"start":{"line":55,"column":4},"end":{"line":55,"column":14}},"loc":{"start":{"line":55,"column":39},"end":{"line":61,"column":5}},"line":55},"7":{"name":"(anonymous_7)","decl":{"start":{"line":59,"column":39},"end":{"line":59,"column":42}},"loc":{"start":{"line":59,"column":46},"end":{"line":59,"column":86}},"line":59},"8":{"name":"(anonymous_8)","decl":{"start":{"line":64,"column":4},"end":{"line":64,"column":21}},"loc":{"start":{"line":64,"column":38},"end":{"line":71,"column":5}},"line":64},"9":{"name":"(anonymous_9)","decl":{"start":{"line":66,"column":29},"end":{"line":66,"column":30}},"loc":{"start":{"line":66,"column":49},"end":{"line":70,"column":9}},"line":66},"10":{"name":"(anonymous_10)","decl":{"start":{"line":68,"column":43},"end":{"line":68,"column":46}},"loc":{"start":{"line":68,"column":50},"end":{"line":68,"column":90}},"line":68},"11":{"name":"(anonymous_11)","decl":{"start":{"line":74,"column":4},"end":{"line":74,"column":13}},"loc":{"start":{"line":74,"column":30},"end":{"line":79,"column":5}},"line":74},"12":{"name":"(anonymous_12)","decl":{"start":{"line":76,"column":29},"end":{"line":76,"column":30}},"loc":{"start":{"line":76,"column":49},"end":{"line":78,"column":9}},"line":76},"13":{"name":"(anonymous_13)","decl":{"start":{"line":77,"column":39},"end":{"line":77,"column":42}},"loc":{"start":{"line":77,"column":46},"end":{"line":77,"column":86}},"line":77}},"branchMap":{"0":{"loc":{"start":{"line":11,"column":8},"end":{"line":13,"column":9}},"type":"if","locations":[{"start":{"line":11,"column":8},"end":{"line":13,"column":9}},{"start":{},"end":{}}],"line":11},"1":{"loc":{"start":{"line":33,"column":8},"end":{"line":38,"column":9}},"type":"if","locations":[{"start":{"line":33,"column":8},"end":{"line":38,"column":9}},{"start":{},"end":{}}],"line":33},"2":{"loc":{"start":{"line":35,"column":12},"end":{"line":37,"column":13}},"type":"if","locations":[{"start":{"line":35,"column":12},"end":{"line":37,"column":13}},{"start":{},"end":{}}],"line":35},"3":{"loc":{"start":{"line":43,"column":12},"end":{"line":46,"column":13}},"type":"if","locations":[{"start":{"line":43,"column":12},"end":{"line":46,"column":13}},{"start":{},"end":{}}],"line":43},"4":{"loc":{"start":{"line":43,"column":16},"end":{"line":43,"column":50}},"type":"binary-expr","locations":[{"start":{"line":43,"column":16},"end":{"line":43,"column":29}},{"start":{"line":43,"column":33},"end":{"line":43,"column":50}}],"line":43},"5":{"loc":{"start":{"line":57,"column":8},"end":{"line":60,"column":9}},"type":"if","locations":[{"start":{"line":57,"column":8},"end":{"line":60,"column":9}},{"start":{},"end":{}}],"line":57},"6":{"loc":{"start":{"line":67,"column":12},"end":{"line":69,"column":13}},"type":"if","locations":[{"start":{"line":67,"column":12},"end":{"line":69,"column":13}},{"start":{},"end":{}}],"line":67},"7":{"loc":{"start":{"line":67,"column":16},"end":{"line":67,"column":71}},"type":"binary-expr","locations":[{"start":{"line":67,"column":16},"end":{"line":67,"column":39}},{"start":{"line":67,"column":43},"end":{"line":67,"column":71}}],"line":67}},"s":{"0":3,"1":37,"2":32,"3":37,"4":37,"5":37,"6":37,"7":0,"8":37,"9":3,"10":3,"11":9,"12":9,"13":8,"14":8,"15":6,"16":17,"17":17,"18":2,"19":2,"20":15,"21":1,"22":1,"23":8,"24":8,"25":7,"26":7,"27":8,"28":6,"29":6,"30":6,"31":2,"32":2,"33":2,"34":2,"35":3,"36":3,"37":3},"f":{"0":3,"1":37,"2":0,"3":3,"4":9,"5":17,"6":8,"7":8,"8":6,"9":6,"10":2,"11":2,"12":3,"13":3},"b":{"0":[32,5],"1":[8,1],"2":[6,2],"3":[2,15],"4":[17,16],"5":[7,1],"6":[2,4],"7":[6,5]},"meta":{"lastBranch":8,"lastFunction":14,"lastStatement":38,"seen":{"f:4:4:4:15":0,"s:6:8:6:33":0,"f:10:4:10:13":1,"b:11:8:13:9:undefined:undefined:undefined:undefined":0,"s:11:8:13:9":1,"s:12:12:12:71":2,"s:14:23:14:47":3,"s:15:8:15:27":4,"s:16:8:16:36":5,"s:19:26:21:17":6,"f:19:38:19:39":2,"s:20:12:20:31":7,"s:24:8:27:11":8,"f:24:24:24:25":3,"s:25:12:25:37":9,"s:26:12:26:43":10,"f:31:4:31:16":4,"s:32:23:32:47":11,"b:33:8:38:9:undefined:undefined:undefined:undefined":1,"s:33:8:38:9":12,"s:34:12:34:43":13,"b:35:12:37:13:undefined:undefined:undefined:undefined":2,"s:35:12:37:13":14,"s:36:16:36:44":15,"f:41:4:41:14":5,"s:42:8:51:9":16,"b:43:12:46:13:undefined:undefined:undefined:undefined":3,"s:43:12:46:13":17,"b:43:16:43:29:43:33:43:50":4,"s:44:16:44:47":18,"s:45:16:45:23":19,"s:47:12:47:34":20,"s:49:12:49:53":21,"s:50:12:50:43":22,"f:55:4:55:14":6,"s:56:23:56:47":23,"b:57:8:60:9:undefined:undefined:undefined:undefined":5,"s:57:8:60:9":24,"s:58:31:58:86":25,"s:59:12:59:88":26,"f:59:39:59:42":7,"s:59:46:59:86":27,"f:64:4:64:21":8,"s:65:27:65:82":28,"s:66:8:70:11":29,"f:66:29:66:30":9,"b:67:12:69:13:undefined:undefined:undefined:undefined":6,"s:67:12:69:13":30,"b:67:16:67:39:67:43:67:71":7,"s:68:16:68:92":31,"f:68:43:68:46":10,"s:68:50:68:90":32,"f:74:4:74:13":11,"s:75:27:75:82":33,"s:76:8:78:11":34,"f:76:29:76:30":12,"s:77:12:77:88":35,"f:77:39:77:42":13,"s:77:46:77:86":36,"s:83:28:83:53":37}}}
,"C:\\Users\\Michael\\Documents\\IF\\ManagementInventory\\backend\\src\\utils\\pagination.js": {"path":"C:\\Users\\Michael\\Documents\\IF\\ManagementInventory\\backend\\src\\utils\\pagination.js","statementMap":{"0":{"start":{"line":1,"column":31},"end":{"line":16,"column":1}},"1":{"start":{"line":2,"column":24},"end":{"line":2,"column":42}},"2":{"start":{"line":3,"column":27},"end":{"line":3,"column":49}},"3":{"start":{"line":4,"column":23},"end":{"line":4,"column":49}},"4":{"start":{"line":6,"column":20},"end":{"line":6,"column":51}},"5":{"start":{"line":7,"column":23},"end":{"line":7,"column":57}},"6":{"start":{"line":9,"column":17},"end":{"line":9,"column":80}},"7":{"start":{"line":10,"column":20},"end":{"line":12,"column":24}},"8":{"start":{"line":13,"column":19},"end":{"line":13,"column":39}},"9":{"start":{"line":15,"column":4},"end":{"line":15,"column":null}},"10":{"start":{"line":18,"column":31},"end":{"line":23,"column":2}},"11":{"start":{"line":18,"column":62},"end":{"line":23,"column":1}},"12":{"start":{"line":25,"column":29},"end":{"line":30,"column":1}},"13":{"start":{"line":26,"column":4},"end":{"line":29,"column":null}}},"fnMap":{"0":{"name":"(anonymous_0)","decl":{"start":{"line":1,"column":31},"end":{"line":1,"column":32}},"loc":{"start":{"line":1,"column":57},"end":{"line":16,"column":1}},"line":1},"1":{"name":"(anonymous_1)","decl":{"start":{"line":18,"column":31},"end":{"line":18,"column":32}},"loc":{"start":{"line":18,"column":62},"end":{"line":23,"column":1}},"line":18},"2":{"name":"(anonymous_2)","decl":{"start":{"line":25,"column":29},"end":{"line":25,"column":30}},"loc":{"start":{"line":25,"column":61},"end":{"line":30,"column":1}},"line":25}},"branchMap":{"0":{"loc":{"start":{"line":1,"column":39},"end":{"line":1,"column":52}},"type":"default-arg","locations":[{"start":{"line":1,"column":50},"end":{"line":1,"column":52}}],"line":1},"1":{"loc":{"start":{"line":2,"column":24},"end":{"line":2,"column":42}},"type":"binary-expr","locations":[{"start":{"line":2,"column":24},"end":{"line":2,"column":37}},{"start":{"line":2,"column":41},"end":{"line":2,"column":42}}],"line":2},"2":{"loc":{"start":{"line":3,"column":27},"end":{"line":3,"column":49}},"type":"binary-expr","locations":[{"start":{"line":3,"column":27},"end":{"line":3,"column":43}},{"start":{"line":3,"column":47},"end":{"line":3,"column":49}}],"line":3},"3":{"loc":{"start":{"line":4,"column":23},"end":{"line":4,"column":49}},"type":"binary-expr","locations":[{"start":{"line":4,"column":23},"end":{"line":4,"column":42}},{"start":{"line":4,"column":46},"end":{"line":4,"column":49}}],"line":4},"4":{"loc":{"start":{"line":9,"column":17},"end":{"line":9,"column":80}},"type":"cond-expr","locations":[{"start":{"line":9,"column":59},"end":{"line":9,"column":66}},{"start":{"line":9,"column":69},"end":{"line":9,"column":80}}],"line":9},"5":{"loc":{"start":{"line":9,"column":17},"end":{"line":9,"column":56}},"type":"binary-expr","locations":[{"start":{"line":9,"column":17},"end":{"line":9,"column":41}},{"start":{"line":9,"column":45},"end":{"line":9,"column":56}}],"line":9},"6":{"loc":{"start":{"line":10,"column":20},"end":{"line":12,"column":24}},"type":"cond-expr","locations":[{"start":{"line":11,"column":10},"end":{"line":11,"column":null}},{"start":{"line":12,"column":10},"end":{"line":12,"column":24}}],"line":10},"7":{"loc":{"start":{"line":10,"column":20},"end":{"line":10,"column":null}},"type":"binary-expr","locations":[{"start":{"line":10,"column":20},"end":{"line":10,"column":47}},{"start":{"line":10,"column":51},"end":{"line":10,"column":null}}],"line":10}},"s":{"0":3,"1":5,"2":5,"3":5,"4":5,"5":5,"6":5,"7":5,"8":5,"9":5,"10":3,"11":2,"12":3,"13":1},"f":{"0":5,"1":2,"2":1},"b":{"0":[5],"1":[5,4],"2":[5,4],"3":[5,4],"4":[1,4],"5":[5,2],"6":[2,3],"7":[5,3]},"meta":{"lastBranch":8,"lastFunction":3,"lastStatement":14,"seen":{"s:1:31:16:1":0,"f:1:31:1:32":0,"b:1:50:1:52":0,"s:2:24:2:42":1,"b:2:24:2:37:2:41:2:42":1,"s:3:27:3:49":2,"b:3:27:3:43:3:47:3:49":2,"s:4:23:4:49":3,"b:4:23:4:42:4:46:4:49":3,"s:6:20:6:51":4,"s:7:23:7:57":5,"s:9:17:9:80":6,"b:9:59:9:66:9:69:9:80":4,"b:9:17:9:41:9:45:9:56":5,"s:10:20:12:24":7,"b:11:10:11:Infinity:12:10:12:24":6,"b:10:20:10:47:10:51:10:Infinity":7,"s:13:19:13:39":8,"s:15:4:15:Infinity":9,"s:18:31:23:2":10,"f:18:31:18:32":1,"s:18:62:23:1":11,"s:25:29:30:1":12,"f:25:29:25:30":2,"s:26:4:29:Infinity":13}}}
,"C:\\Users\\Michael\\Documents\\IF\\ManagementInventory\\backend\\src\\utils\\persistedNotifications.js": {"path":"C:\\Users\\Michael\\Documents\\IF\\ManagementInventory\\backend\\src\\utils\\persistedNotifications.js","statementMap":{"0":{"start":{"line":7,"column":4},"end":{"line":9,"column":5}},"1":{"start":{"line":8,"column":8},"end":{"line":8,"column":46}},"2":{"start":{"line":10,"column":4},"end":{"line":10,"column":45}},"3":{"start":{"line":17,"column":21},"end":{"line":19,"column":5}},"4":{"start":{"line":20,"column":4},"end":{"line":29,"column":5}},"5":{"start":{"line":21,"column":19},"end":{"line":21,"column":33}},"6":{"start":{"line":22,"column":31},"end":{"line":27,"column":10}},"7":{"start":{"line":28,"column":8},"end":{"line":28,"column":102}},"8":{"start":{"line":36,"column":16},"end":{"line":36,"column":53}},"9":{"start":{"line":37,"column":4},"end":{"line":37,"column":43}},"10":{"start":{"line":37,"column":31},"end":{"line":37,"column":43}},"11":{"start":{"line":39,"column":15},"end":{"line":39,"column":49}},"12":{"start":{"line":40,"column":20},"end":{"line":45,"column":5}},"13":{"start":{"line":47,"column":16},"end":{"line":47,"column":42}},"14":{"start":{"line":48,"column":4},"end":{"line":50,"column":61}},"15":{"start":{"line":48,"column":27},"end":{"line":48,"column":54}},"16":{"start":{"line":49,"column":9},"end":{"line":50,"column":61}},"17":{"start":{"line":49,"column":32},"end":{"line":49,"column":61}},"18":{"start":{"line":50,"column":9},"end":{"line":50,"column":61}},"19":{"start":{"line":50,"column":32},"end":{"line":50,"column":61}},"20":{"start":{"line":52,"column":27},"end":{"line":57,"column":6}},"21":{"start":{"line":58,"column":4},"end":{"line":58,"column":89}},"22":{"start":{"line":60,"column":23},"end":{"line":60,"column":88}},"23":{"start":{"line":61,"column":21},"end":{"line":61,"column":39}},"24":{"start":{"line":62,"column":18},"end":{"line":62,"column":57}},"25":{"start":{"line":63,"column":4},"end":{"line":72,"column":5}},"26":{"start":{"line":64,"column":8},"end":{"line":71,"column":84}},"27":{"start":{"line":71,"column":28},"end":{"line":71,"column":82}},"28":{"start":{"line":74,"column":4},"end":{"line":74,"column":26}},"29":{"start":{"line":78,"column":18},"end":{"line":78,"column":84}},"30":{"start":{"line":79,"column":4},"end":{"line":82,"column":7}}},"fnMap":{"0":{"name":"ssePayload","decl":{"start":{"line":6,"column":9},"end":{"line":6,"column":19}},"loc":{"start":{"line":6,"column":56},"end":{"line":11,"column":1}},"line":6},"1":{"name":"notifyAdminsWithPersistence","decl":{"start":{"line":16,"column":22},"end":{"line":16,"column":49}},"loc":{"start":{"line":16,"column":90},"end":{"line":30,"column":1}},"line":16},"2":{"name":"notifyUserRequestStatus","decl":{"start":{"line":35,"column":22},"end":{"line":35,"column":45}},"loc":{"start":{"line":35,"column":96},"end":{"line":75,"column":1}},"line":35},"3":{"name":"(anonymous_3)","decl":{"start":{"line":71,"column":19},"end":{"line":71,"column":20}},"loc":{"start":{"line":71,"column":28},"end":{"line":71,"column":82}},"line":71},"4":{"name":"notifyLowStockToAdmins","decl":{"start":{"line":77,"column":22},"end":{"line":77,"column":44}},"loc":{"start":{"line":77,"column":54},"end":{"line":83,"column":1}},"line":77}},"branchMap":{"0":{"loc":{"start":{"line":7,"column":4},"end":{"line":9,"column":5}},"type":"if","locations":[{"start":{"line":7,"column":4},"end":{"line":9,"column":5}},{"start":{},"end":{}}],"line":7},"1":{"loc":{"start":{"line":7,"column":8},"end":{"line":7,"column":81}},"type":"binary-expr","locations":[{"start":{"line":7,"column":8},"end":{"line":7,"column":23}},{"start":{"line":7,"column":27},"end":{"line":7,"column":54}},{"start":{"line":7,"column":58},"end":{"line":7,"column":81}}],"line":7},"2":{"loc":{"start":{"line":36,"column":16},"end":{"line":36,"column":53}},"type":"cond-expr","locations":[{"start":{"line":36,"column":33},"end":{"line":36,"column":47}},{"start":{"line":36,"column":50},"end":{"line":36,"column":53}}],"line":36},"3":{"loc":{"start":{"line":37,"column":4},"end":{"line":37,"column":43}},"type":"if","locations":[{"start":{"line":37,"column":4},"end":{"line":37,"column":43}},{"start":{},"end":{}}],"line":37},"4":{"loc":{"start":{"line":39,"column":22},"end":{"line":39,"column":34}},"type":"binary-expr","locations":[{"start":{"line":39,"column":22},"end":{"line":39,"column":28}},{"start":{"line":39,"column":32},"end":{"line":39,"column":34}}],"line":39},"5":{"loc":{"start":{"line":48,"column":4},"end":{"line":50,"column":61}},"type":"if","locations":[{"start":{"line":48,"column":4},"end":{"line":50,"column":61}},{"start":{"line":49,"column":9},"end":{"line":50,"column":61}}],"line":48},"6":{"loc":{"start":{"line":49,"column":9},"end":{"line":50,"column":61}},"type":"if","locations":[{"start":{"line":49,"column":9},"end":{"line":50,"column":61}},{"start":{"line":50,"column":9},"end":{"line":50,"column":61}}],"line":49},"7":{"loc":{"start":{"line":50,"column":9},"end":{"line":50,"column":61}},"type":"if","locations":[{"start":{"line":50,"column":9},"end":{"line":50,"column":61}},{"start":{},"end":{}}],"line":50},"8":{"loc":{"start":{"line":62,"column":18},"end":{"line":62,"column":57}},"type":"cond-expr","locations":[{"start":{"line":62,"column":29},"end":{"line":62,"column":52}},{"start":{"line":62,"column":55},"end":{"line":62,"column":57}}],"line":62},"9":{"loc":{"start":{"line":63,"column":4},"end":{"line":72,"column":5}},"type":"if","locations":[{"start":{"line":63,"column":4},"end":{"line":72,"column":5}},{"start":{},"end":{}}],"line":63},"10":{"loc":{"start":{"line":78,"column":18},"end":{"line":78,"column":84}},"type":"cond-expr","locations":[{"start":{"line":78,"column":44},"end":{"line":78,"column":56}},{"start":{"line":78,"column":59},"end":{"line":78,"column":84}}],"line":78},"11":{"loc":{"start":{"line":81,"column":17},"end":{"line":81,"column":38}},"type":"binary-expr","locations":[{"start":{"line":81,"column":17},"end":{"line":81,"column":32}},{"start":{"line":81,"column":36},"end":{"line":81,"column":38}}],"line":81}},"s":{"0":5,"1":4,"2":1,"3":4,"4":4,"5":5,"6":5,"7":5,"8":5,"9":5,"10":1,"11":4,"12":5,"13":5,"14":5,"15":1,"16":3,"17":1,"18":2,"19":1,"20":4,"21":4,"22":4,"23":4,"24":5,"25":5,"26":2,"27":1,"28":4,"29":2,"30":2},"f":{"0":5,"1":4,"2":5,"3":1,"4":2},"b":{"0":[4,1],"1":[5,5,4],"2":[5,0],"3":[1,4],"4":[4,0],"5":[1,3],"6":[1,2],"7":[1,1],"8":[2,2],"9":[2,3],"10":[1,1],"11":[2,1]},"meta":{"lastBranch":12,"lastFunction":5,"lastStatement":31,"seen":{"f:6:9:6:19":0,"b:7:4:9:5:undefined:undefined:undefined:undefined":0,"s:7:4:9:5":0,"b:7:8:7:23:7:27:7:54:7:58:7:81":1,"s:8:8:8:46":1,"s:10:4:10:45":2,"f:16:22:16:49":1,"s:17:21:19:5":3,"s:20:4:29:5":4,"s:21:19:21:33":5,"s:22:31:27:10":6,"s:28:8:28:102":7,"f:35:22:35:45":2,"s:36:16:36:53":8,"b:36:33:36:47:36:50:36:53":2,"b:37:4:37:43:undefined:undefined:undefined:undefined":3,"s:37:4:37:43":9,"s:37:31:37:43":10,"s:39:15:39:49":11,"b:39:22:39:28:39:32:39:34":4,"s:40:20:45:5":12,"s:47:16:47:42":13,"b:48:4:50:61:49:9:50:61":5,"s:48:4:50:61":14,"s:48:27:48:54":15,"b:49:9:50:61:50:9:50:61":6,"s:49:9:50:61":16,"s:49:32:49:61":17,"b:50:9:50:61:undefined:undefined:undefined:undefined":7,"s:50:9:50:61":18,"s:50:32:50:61":19,"s:52:27:57:6":20,"s:58:4:58:89":21,"s:60:23:60:88":22,"s:61:21:61:39":23,"s:62:18:62:57":24,"b:62:29:62:52:62:55:62:57":8,"b:63:4:72:5:undefined:undefined:undefined:undefined":9,"s:63:4:72:5":25,"s:64:8:71:84":26,"f:71:19:71:20":3,"s:71:28:71:82":27,"s:74:4:74:26":28,"f:77:22:77:44":4,"s:78:18:78:84":29,"b:78:44:78:56:78:59:78:84":10,"s:79:4:82:7":30,"b:81:17:81:32:81:36:81:38":11}}}
,"C:\\Users\\Michael\\Documents\\IF\\ManagementInventory\\backend\\src\\utils\\userNotifications.js": {"path":"C:\\Users\\Michael\\Documents\\IF\\ManagementInventory\\backend\\src\\utils\\userNotifications.js","statementMap":{"0":{"start":{"line":7,"column":16},"end":{"line":7,"column":30}},"1":{"start":{"line":8,"column":4},"end":{"line":8,"column":83}},"2":{"start":{"line":8,"column":31},"end":{"line":8,"column":83}},"3":{"start":{"line":10,"column":21},"end":{"line":14,"column":5}},"4":{"start":{"line":15,"column":4},"end":{"line":15,"column":27}},"5":{"start":{"line":19,"column":18},"end":{"line":19,"column":29}},"6":{"start":{"line":20,"column":4},"end":{"line":26,"column":5}},"7":{"start":{"line":21,"column":8},"end":{"line":25,"column":9}},"8":{"start":{"line":22,"column":12},"end":{"line":22,"column":42}},"9":{"start":{"line":24,"column":12},"end":{"line":24,"column":27}},"10":{"start":{"line":27,"column":4},"end":{"line":35,"column":6}},"11":{"start":{"line":39,"column":16},"end":{"line":39,"column":64}},"12":{"start":{"line":40,"column":16},"end":{"line":40,"column":30}},"13":{"start":{"line":41,"column":19},"end":{"line":45,"column":5}},"14":{"start":{"line":46,"column":4},"end":{"line":46,"column":40}},"15":{"start":{"line":50,"column":16},"end":{"line":50,"column":30}},"16":{"start":{"line":51,"column":16},"end":{"line":51,"column":38}},"17":{"start":{"line":52,"column":4},"end":{"line":55,"column":6}},"18":{"start":{"line":59,"column":4},"end":{"line":61,"column":7}},"19":{"start":{"line":65,"column":4},"end":{"line":65,"column":93}}},"fnMap":{"0":{"name":"createUserNotification","decl":{"start":{"line":6,"column":22},"end":{"line":6,"column":44}},"loc":{"start":{"line":6,"column":88},"end":{"line":16,"column":1}},"line":6},"1":{"name":"mapNotificationRow","decl":{"start":{"line":18,"column":16},"end":{"line":18,"column":34}},"loc":{"start":{"line":18,"column":40},"end":{"line":36,"column":1}},"line":18},"2":{"name":"listNotificationsForUser","decl":{"start":{"line":38,"column":22},"end":{"line":38,"column":46}},"loc":{"start":{"line":38,"column":68},"end":{"line":47,"column":1}},"line":38},"3":{"name":"markNotificationRead","decl":{"start":{"line":49,"column":22},"end":{"line":49,"column":42}},"loc":{"start":{"line":49,"column":67},"end":{"line":56,"column":1}},"line":49},"4":{"name":"markAllNotificationsRead","decl":{"start":{"line":58,"column":22},"end":{"line":58,"column":46}},"loc":{"start":{"line":58,"column":55},"end":{"line":62,"column":1}},"line":58},"5":{"name":"deleteAllNotificationsForUser","decl":{"start":{"line":64,"column":22},"end":{"line":64,"column":51}},"loc":{"start":{"line":64,"column":60},"end":{"line":66,"column":1}},"line":64}},"branchMap":{"0":{"loc":{"start":{"line":8,"column":4},"end":{"line":8,"column":83}},"type":"if","locations":[{"start":{"line":8,"column":4},"end":{"line":8,"column":83}},{"start":{},"end":{}}],"line":8},"1":{"loc":{"start":{"line":13,"column":36},"end":{"line":13,"column":84}},"type":"cond-expr","locations":[{"start":{"line":13,"column":54},"end":{"line":13,"column":58}},{"start":{"line":13,"column":61},"end":{"line":13,"column":84}}],"line":13},"2":{"loc":{"start":{"line":20,"column":4},"end":{"line":26,"column":5}},"type":"if","locations":[{"start":{"line":20,"column":4},"end":{"line":26,"column":5}},{"start":{},"end":{}}],"line":20},"3":{"loc":{"start":{"line":34,"column":20},"end":{"line":34,"column":106}},"type":"cond-expr","locations":[{"start":{"line":34,"column":53},"end":{"line":34,"column":81}},{"start":{"line":34,"column":84},"end":{"line":34,"column":106}}],"line":34},"4":{"loc":{"start":{"line":38,"column":55},"end":{"line":38,"column":66}},"type":"default-arg","locations":[{"start":{"line":38,"column":63},"end":{"line":38,"column":66}}],"line":38},"5":{"loc":{"start":{"line":39,"column":34},"end":{"line":39,"column":54}},"type":"binary-expr","locations":[{"start":{"line":39,"column":34},"end":{"line":39,"column":47}},{"start":{"line":39,"column":51},"end":{"line":39,"column":54}}],"line":39}},"s":{"0":3,"1":3,"2":1,"3":2,"4":2,"5":4,"6":4,"7":2,"8":2,"9":1,"10":4,"11":2,"12":2,"13":2,"14":2,"15":1,"16":1,"17":1,"18":1,"19":1},"f":{"0":3,"1":4,"2":2,"3":1,"4":1,"5":1},"b":{"0":[1,2],"1":[1,1],"2":[2,2],"3":[1,3],"4":[2],"5":[2,1]},"meta":{"lastBranch":6,"lastFunction":6,"lastStatement":20,"seen":{"f:6:22:6:44":0,"s:7:16:7:30":0,"b:8:4:8:83:undefined:undefined:undefined:undefined":0,"s:8:4:8:83":1,"s:8:31:8:83":2,"s:10:21:14:5":3,"b:13:54:13:58:13:61:13:84":1,"s:15:4:15:27":4,"f:18:16:18:34":1,"s:19:18:19:29":5,"b:20:4:26:5:undefined:undefined:undefined:undefined":2,"s:20:4:26:5":6,"s:21:8:25:9":7,"s:22:12:22:42":8,"s:24:12:24:27":9,"s:27:4:35:6":10,"b:34:53:34:81:34:84:34:106":3,"f:38:22:38:46":2,"b:38:63:38:66":4,"s:39:16:39:64":11,"b:39:34:39:47:39:51:39:54":5,"s:40:16:40:30":12,"s:41:19:45:5":13,"s:46:4:46:40":14,"f:49:22:49:42":3,"s:50:16:50:30":15,"s:51:16:51:38":16,"s:52:4:55:6":17,"f:58:22:58:46":4,"s:59:4:61:7":18,"f:64:22:64:51":5,"s:65:4:65:93":19}}}
}
